<?xml version="1.0" encoding="UTF-8"?>
<testng-results skipped="0" failed="0" ignored="0" total="1" passed="1">
  <reporter-output>
  </reporter-output>
  <suite name="Default suite" duration-ms="23279" started-at="2019-04-05T09:19:02Z" finished-at="2019-04-05T09:19:26Z">
    <groups>
      <group name="cucumber">
        <method signature="AbstractTestNGCucumberTests.runScenario(cucumber.api.testng.PickleEventWrapper, cucumber.api.testng.CucumberFeatureWrapper)[pri:0, instance:runner.RunTest@1494225]" name="runScenario" class="cucumber.api.testng.AbstractTestNGCucumberTests"/>
      </group> <!-- cucumber -->
    </groups>
    <test name="Default test" duration-ms="23279" started-at="2019-04-05T09:19:02Z" finished-at="2019-04-05T09:19:26Z">
      <class name="runner.RunTest">
        <test-method status="PASS" signature="setUpClass()[pri:0, instance:runner.RunTest@1494225]" name="setUpClass" is-config="true" duration-ms="344" started-at="2019-04-05T09:19:02Z" finished-at="2019-04-05T09:19:03Z">
          <reporter-output>
          </reporter-output>
        </test-method> <!-- setUpClass -->
        <test-method status="PASS" signature="runScenario(cucumber.api.testng.PickleEventWrapper, cucumber.api.testng.CucumberFeatureWrapper)[pri:0, instance:runner.RunTest@1494225]" name="runScenario" duration-ms="22830" started-at="2019-04-05T09:19:03Z" description="Runs Cucumber Scenarios" data-provider="scenarios" finished-at="2019-04-05T09:19:26Z">
          <params>
            <param index="0">
              <value>
                <![CDATA["Leaftaps Login"]]>
              </value>
            </param>
            <param index="1">
              <value>
                <![CDATA["Leaftaps Testcases"]]>
              </value>
            </param>
          </params>
          <reporter-output>
          </reporter-output>
        </test-method> <!-- runScenario -->
        <test-method status="PASS" signature="tearDownClass()[pri:0, instance:runner.RunTest@1494225]" name="tearDownClass" is-config="true" duration-ms="4" started-at="2019-04-05T09:19:26Z" finished-at="2019-04-05T09:19:26Z">
          <reporter-output>
          </reporter-output>
        </test-method> <!-- tearDownClass -->
      </class> <!-- runner.RunTest -->
    </test> <!-- Default test -->
  </suite> <!-- Default suite -->
</testng-results>
